[   11287ms] [INFO] %cDownload the React DevTools for a better development experience: https://react.dev/link/react-devtools font-weight:bold @ http://localhost:8082/index.ts.bundle?platform=web&dev=true&hot=false&lazy=true&transform.engine=hermes&transform.routerRoot=app&unstable_transformProfile=hermes-stable:42301
[   11447ms] [WARNING] Require cycle: src/database/database.ts -> src/services/cloudSync.ts -> src/database/database.ts

Require cycles are allowed, but can result in uninitialized values. Consider refactoring to remove the need for a cycle. @ http://localhost:8082/index.ts.bundle?platform=web&dev=true&hot=false&lazy=true&transform.engine=hermes&transform.routerRoot=app&unstable_transformProfile=hermes-stable:42301
[   11451ms] [WARNING] "shadow*" style props are deprecated. Use "boxShadow". @ http://localhost:8082/index.ts.bundle?platform=web&dev=true&hot=false&lazy=true&transform.engine=hermes&transform.routerRoot=app&unstable_transformProfile=hermes-stable:42301
[   11577ms] [LOG] Running application "main" with appParams:
 {rootTag: #root, hydrate: undefined} 
Development-level warnings: ON.
Performance optimizations: OFF. @ http://localhost:8082/index.ts.bundle?platform=web&dev=true&hot=false&lazy=true&transform.engine=hermes&transform.routerRoot=app&unstable_transformProfile=hermes-stable:42301
[   11643ms] [WARNING] props.pointerEvents is deprecated. Use style.pointerEvents @ http://localhost:8082/index.ts.bundle?platform=web&dev=true&hot=false&lazy=true&transform.engine=hermes&transform.routerRoot=app&unstable_transformProfile=hermes-stable:42301
[   12533ms] [ERROR] Failed to load resource: the server responded with a status of 400 () @ https://yiaeplqinnnnniyvwtls.supabase.co/auth/v1/token?grant_type=refresh_token:0
[   14964ms] [WARNING] Animated: `useNativeDriver` is not supported because the native animated module is missing. Falling back to JS-based animation. To resolve this, add `RCTAnimation` module to this app, or remove `useNativeDriver`. Make sure to run `bundle exec pod install` first. Read more about autolinking: https://github.com/react-native-community/cli/blob/master/docs/autolinking.md @ http://localhost:8082/index.ts.bundle?platform=web&dev=true&hot=false&lazy=true&transform.engine=hermes&transform.routerRoot=app&unstable_transformProfile=hermes-stable:42301
[ 2056811ms] [WARNING] Disconnected from Metro (1006)
To reconnect:
- Ensure that Metro is running and available on the same network
- Reload this app (will trigger further help if Metro cannot be connected to) @ http://localhost:8082/index.ts.bundle?platform=web&dev=true&hot=false&lazy=true&transform.engine=hermes&transform.routerRoot=app&unstable_transformProfile=hermes-stable:42301
[ 2060181ms] [ERROR] WebSocket connection to 'ws://localhost:8082/expo-dev-plugins/broadcast' failed: Error in connection establishment: net::ERR_CONNECTION_REFUSED @ http://localhost:8082/index.ts.bundle?platform=web&dev=true&hot=false&lazy=true&transform.engine=hermes&transform.routerRoot=app&unstable_transformProfile=hermes-stable:151317
[ 2064048ms] [ERROR] WebSocket connection to 'ws://localhost:8082/expo-dev-plugins/broadcast' failed: Error in connection establishment: net::ERR_CONNECTION_REFUSED @ http://localhost:8082/index.ts.bundle?platform=web&dev=true&hot=false&lazy=true&transform.engine=hermes&transform.routerRoot=app&unstable_transformProfile=hermes-stable:151317
[ 2112052ms] [ERROR] WebSocket connection to 'ws://localhost:8082/expo-dev-plugins/broadcast' failed: Error in connection establishment: net::ERR_CONNECTION_REFUSED @ http://localhost:8082/index.ts.bundle?platform=web&dev=true&hot=false&lazy=true&transform.engine=hermes&transform.routerRoot=app&unstable_transformProfile=hermes-stable:151317
[ 2115909ms] [ERROR] WebSocket connection to 'ws://localhost:8082/expo-dev-plugins/broadcast' failed: Error in connection establishment: net::ERR_CONNECTION_REFUSED @ http://localhost:8082/index.ts.bundle?platform=web&dev=true&hot=false&lazy=true&transform.engine=hermes&transform.routerRoot=app&unstable_transformProfile=hermes-stable:151317
[ 2119749ms] [ERROR] WebSocket connection to 'ws://localhost:8082/expo-dev-plugins/broadcast' failed: Error in connection establishment: net::ERR_CONNECTION_REFUSED @ http://localhost:8082/index.ts.bundle?platform=web&dev=true&hot=false&lazy=true&transform.engine=hermes&transform.routerRoot=app&unstable_transformProfile=hermes-stable:151317
[ 2123599ms] [ERROR] WebSocket connection to 'ws://localhost:8082/expo-dev-plugins/broadcast' failed: Error in connection establishment: net::ERR_CONNECTION_REFUSED @ http://localhost:8082/index.ts.bundle?platform=web&dev=true&hot=false&lazy=true&transform.engine=hermes&transform.routerRoot=app&unstable_transformProfile=hermes-stable:151317
[ 2127466ms] [ERROR] WebSocket connection to 'ws://localhost:8082/expo-dev-plugins/broadcast' failed: Error in connection establishment: net::ERR_CONNECTION_REFUSED @ http://localhost:8082/index.ts.bundle?platform=web&dev=true&hot=false&lazy=true&transform.engine=hermes&transform.routerRoot=app&unstable_transformProfile=hermes-stable:151317
